<?xml version="1.0" encoding="UTF-8"?>
<!-- Generated by org.testng.reporters.JUnitXMLReporter -->
<testsuite ignored="0" hostname="Moe" failures="1" tests="4" name="TestPage Test" time="37.271" errors="0" timestamp="2024-08-03T02:03:28 EDT">
  <testcase classname="automate.tests.TestPage" name="SubmitOrder" time="6.318"/>
  <testcase classname="automate.tests.TestPage" name="SubmitOrder" time="6.196"/>
  <testcase classname="automate.tests.TestPage" name="SubmitOrder" time="6.413"/>
  <testcase classname="automate.tests.TestPage" name="orderRun" time="1.073">
    <failure type="java.lang.AssertionError" message="expected [true] but found [false]">
      <![CDATA[java.lang.AssertionError: expected [true] but found [false]
at automate.tests.TestPage.orderRun(TestPage.java:46)
at java.base/java.util.ArrayList.forEach(ArrayList.java:1596)
... Removed 29 stack frames]]>
    </failure>
  </testcase> <!-- orderRun -->
</testsuite> <!-- TestPage Test -->
