<?xml version="1.0" encoding="UTF-8"?>
<testng-results ignored="0" total="6" passed="5" failed="1" skipped="0">
  <reporter-output>
  </reporter-output>
  <suite started-at="2024-08-03T02:02:50 EDT" name="Suite" finished-at="2024-08-03T02:03:39 EDT" duration-ms="48896">
    <groups>
      <group name="purchase">
        <method signature="TestPage.SubmitOrder(java.util.HashMap)[pri:0, instance:automate.tests.TestPage@13d9cbf5]" name="SubmitOrder" class="automate.tests.TestPage"/>
        <method signature="ErrorValidations.loginErrorValidation()[pri:0, instance:automate.tests.ErrorValidations@7b7fdc8]" name="loginErrorValidation" class="automate.tests.ErrorValidations"/>
        <method signature="ErrorValidations.productErrorValidation()[pri:0, instance:automate.tests.ErrorValidations@7b7fdc8]" name="productErrorValidation" class="automate.tests.ErrorValidations"/>
      </group> <!-- purchase -->
    </groups>
    <test started-at="2024-08-03T02:02:50 EDT" name="TestPage Test" finished-at="2024-08-03T02:03:28 EDT" duration-ms="37271">
      <class name="automate.tests.TestPage">
        <test-method is-config="true" signature="launchApplication()[pri:0, instance:automate.tests.TestPage@13d9cbf5]" started-at="2024-08-03T02:02:51 EDT" name="launchApplication" finished-at="2024-08-03T02:02:55 EDT" duration-ms="4616" status="PASS">
          <reporter-output>
          </reporter-output>
        </test-method> <!-- launchApplication -->
        <test-method signature="SubmitOrder(java.util.HashMap)[pri:0, instance:automate.tests.TestPage@13d9cbf5]" started-at="2024-08-03T02:02:55 EDT" name="SubmitOrder" data-provider="getData" finished-at="2024-08-03T02:03:02 EDT" duration-ms="6318" status="PASS">
          <params>
            <param index="0">
              <value>
                <![CDATA[{ProductName=ZARA COAT 3, Email=moe@hotmail.com, Password=12345}]]>
              </value>
            </param>
          </params>
          <reporter-output>
          </reporter-output>
        </test-method> <!-- SubmitOrder -->
        <test-method is-config="true" signature="tearDown()[pri:0, instance:automate.tests.TestPage@13d9cbf5]" started-at="2024-08-03T02:03:02 EDT" name="tearDown" finished-at="2024-08-03T02:03:02 EDT" duration-ms="186" status="PASS">
          <reporter-output>
          </reporter-output>
        </test-method> <!-- tearDown -->
        <test-method is-config="true" signature="launchApplication()[pri:0, instance:automate.tests.TestPage@13d9cbf5]" started-at="2024-08-03T02:03:02 EDT" name="launchApplication" finished-at="2024-08-03T02:03:06 EDT" duration-ms="4237" status="PASS">
          <reporter-output>
          </reporter-output>
        </test-method> <!-- launchApplication -->
        <test-method signature="SubmitOrder(java.util.HashMap)[pri:0, instance:automate.tests.TestPage@13d9cbf5]" started-at="2024-08-03T02:03:06 EDT" name="SubmitOrder" data-provider="getData" finished-at="2024-08-03T02:03:12 EDT" duration-ms="6196" status="PASS">
          <params>
            <param index="0">
              <value>
                <![CDATA[{ProductName=IPHONE 13 PRO, Email=moema@hotmail.com, Password=123456}]]>
              </value>
            </param>
          </params>
          <reporter-output>
          </reporter-output>
        </test-method> <!-- SubmitOrder -->
        <test-method is-config="true" signature="tearDown()[pri:0, instance:automate.tests.TestPage@13d9cbf5]" started-at="2024-08-03T02:03:12 EDT" name="tearDown" finished-at="2024-08-03T02:03:12 EDT" duration-ms="190" status="PASS">
          <reporter-output>
          </reporter-output>
        </test-method> <!-- tearDown -->
        <test-method is-config="true" signature="launchApplication()[pri:0, instance:automate.tests.TestPage@13d9cbf5]" started-at="2024-08-03T02:03:12 EDT" name="launchApplication" finished-at="2024-08-03T02:03:16 EDT" duration-ms="3626" status="PASS">
          <reporter-output>
          </reporter-output>
        </test-method> <!-- launchApplication -->
        <test-method signature="SubmitOrder(java.util.HashMap)[pri:0, instance:automate.tests.TestPage@13d9cbf5]" started-at="2024-08-03T02:03:16 EDT" name="SubmitOrder" data-provider="getData" finished-at="2024-08-03T02:03:22 EDT" duration-ms="6413" status="PASS">
          <params>
            <param index="0">
              <value>
                <![CDATA[{ProductName=ADIDAS ORIGINAL, Email=mike@hotmail.com, Password=1234567}]]>
              </value>
            </param>
          </params>
          <reporter-output>
          </reporter-output>
        </test-method> <!-- SubmitOrder -->
        <test-method is-config="true" signature="tearDown()[pri:0, instance:automate.tests.TestPage@13d9cbf5]" started-at="2024-08-03T02:03:22 EDT" name="tearDown" finished-at="2024-08-03T02:03:23 EDT" duration-ms="198" status="PASS">
          <reporter-output>
          </reporter-output>
        </test-method> <!-- tearDown -->
        <test-method is-config="true" signature="launchApplication()[pri:0, instance:automate.tests.TestPage@13d9cbf5]" started-at="2024-08-03T02:03:23 EDT" name="launchApplication" finished-at="2024-08-03T02:03:26 EDT" duration-ms="3582" status="PASS">
          <reporter-output>
          </reporter-output>
        </test-method> <!-- launchApplication -->
        <test-method signature="orderRun()[pri:0, instance:automate.tests.TestPage@13d9cbf5]" started-at="2024-08-03T02:03:26 EDT" name="orderRun" finished-at="2024-08-03T02:03:27 EDT" duration-ms="1073" status="FAIL">
          <exception class="java.lang.AssertionError">
            <message>
              <![CDATA[expected [true] but found [false]]]>
            </message>
            <full-stacktrace>
              <![CDATA[java.lang.AssertionError: expected [true] but found [false]
at org.testng.Assert.fail(Assert.java:111)
at org.testng.Assert.failNotEquals(Assert.java:1578)
at org.testng.Assert.assertTrue(Assert.java:57)
at org.testng.Assert.assertTrue(Assert.java:67)
at automate.tests.TestPage.orderRun(TestPage.java:46)
at java.base/jdk.internal.reflect.DirectMethodHandleAccessor.invoke(DirectMethodHandleAccessor.java:103)
at java.base/java.lang.reflect.Method.invoke(Method.java:580)
at org.testng.internal.invokers.MethodInvocationHelper.invokeMethod(MethodInvocationHelper.java:141)
at org.testng.internal.invokers.TestInvoker.invokeMethod(TestInvoker.java:686)
at org.testng.internal.invokers.TestInvoker.invokeTestMethod(TestInvoker.java:230)
at org.testng.internal.invokers.MethodRunner.runInSequence(MethodRunner.java:63)
at org.testng.internal.invokers.TestInvoker$MethodInvocationAgent.invoke(TestInvoker.java:992)
at org.testng.internal.invokers.TestInvoker.invokeTestMethods(TestInvoker.java:203)
at org.testng.internal.invokers.TestMethodWorker.invokeTestMethods(TestMethodWorker.java:154)
at org.testng.internal.invokers.TestMethodWorker.run(TestMethodWorker.java:134)
at java.base/java.util.ArrayList.forEach(ArrayList.java:1596)
at org.testng.TestRunner.privateRun(TestRunner.java:739)
at org.testng.TestRunner.run(TestRunner.java:614)
at org.testng.SuiteRunner.runTest(SuiteRunner.java:421)
at org.testng.SuiteRunner.runSequentially(SuiteRunner.java:413)
at org.testng.SuiteRunner.privateRun(SuiteRunner.java:373)
at org.testng.SuiteRunner.run(SuiteRunner.java:312)
at org.testng.SuiteRunnerWorker.runSuite(SuiteRunnerWorker.java:52)
at org.testng.SuiteRunnerWorker.run(SuiteRunnerWorker.java:95)
at org.testng.TestNG.runSuitesSequentially(TestNG.java:1274)
at org.testng.TestNG.runSuitesLocally(TestNG.java:1208)
at org.testng.TestNG.runSuites(TestNG.java:1112)
at org.testng.TestNG.run(TestNG.java:1079)
at org.testng.remote.AbstractRemoteTestNG.run(AbstractRemoteTestNG.java:115)
at org.testng.remote.RemoteTestNG.initAndRun(RemoteTestNG.java:293)
at org.testng.remote.RemoteTestNG.main(RemoteTestNG.java:91)
]]>
            </full-stacktrace>
          </exception> <!-- java.lang.AssertionError -->
          <reporter-output>
          </reporter-output>
        </test-method> <!-- orderRun -->
        <test-method is-config="true" signature="tearDown()[pri:0, instance:automate.tests.TestPage@13d9cbf5]" started-at="2024-08-03T02:03:27 EDT" name="tearDown" finished-at="2024-08-03T02:03:28 EDT" duration-ms="188" status="PASS">
          <reporter-output>
          </reporter-output>
        </test-method> <!-- tearDown -->
      </class> <!-- automate.tests.TestPage -->
    </test> <!-- TestPage Test -->
    <test started-at="2024-08-03T02:03:28 EDT" name="Error Validation Test" finished-at="2024-08-03T02:03:39 EDT" duration-ms="11297">
      <class name="automate.tests.ErrorValidations">
        <test-method is-config="true" signature="launchApplication()[pri:0, instance:automate.tests.ErrorValidations@7b7fdc8]" started-at="2024-08-03T02:03:28 EDT" name="launchApplication" finished-at="2024-08-03T02:03:31 EDT" duration-ms="3509" status="PASS">
          <reporter-output>
          </reporter-output>
        </test-method> <!-- launchApplication -->
        <test-method signature="loginErrorValidation()[pri:0, instance:automate.tests.ErrorValidations@7b7fdc8]" started-at="2024-08-03T02:03:31 EDT" name="loginErrorValidation" finished-at="2024-08-03T02:03:32 EDT" duration-ms="608" status="PASS">
          <reporter-output>
          </reporter-output>
        </test-method> <!-- loginErrorValidation -->
        <test-method is-config="true" signature="tearDown()[pri:0, instance:automate.tests.ErrorValidations@7b7fdc8]" started-at="2024-08-03T02:03:32 EDT" name="tearDown" finished-at="2024-08-03T02:03:32 EDT" duration-ms="167" status="PASS">
          <reporter-output>
          </reporter-output>
        </test-method> <!-- tearDown -->
        <test-method is-config="true" signature="launchApplication()[pri:0, instance:automate.tests.ErrorValidations@7b7fdc8]" started-at="2024-08-03T02:03:32 EDT" name="launchApplication" finished-at="2024-08-03T02:03:36 EDT" duration-ms="3699" status="PASS">
          <reporter-output>
          </reporter-output>
        </test-method> <!-- launchApplication -->
        <test-method signature="productErrorValidation()[pri:0, instance:automate.tests.ErrorValidations@7b7fdc8]" started-at="2024-08-03T02:03:36 EDT" name="productErrorValidation" finished-at="2024-08-03T02:03:39 EDT" duration-ms="3085" status="PASS">
          <reporter-output>
          </reporter-output>
        </test-method> <!-- productErrorValidation -->
        <test-method is-config="true" signature="tearDown()[pri:0, instance:automate.tests.ErrorValidations@7b7fdc8]" started-at="2024-08-03T02:03:39 EDT" name="tearDown" finished-at="2024-08-03T02:03:39 EDT" duration-ms="220" status="PASS">
          <reporter-output>
          </reporter-output>
        </test-method> <!-- tearDown -->
      </class> <!-- automate.tests.ErrorValidations -->
    </test> <!-- Error Validation Test -->
  </suite> <!-- Suite -->
</testng-results>
